0 info it worked if it ends with ok
1 verbose cli [ 'C:\\Program Files\\nodejs\\node.exe',
1 verbose cli   'C:\\Program Files\\nodejs\\node_modules\\npm\\bin\\npm-cli.js',
1 verbose cli   'publish' ]
2 info using npm@3.10.3
3 info using node@v6.3.0
4 verbose publish [ '.' ]
5 silly cache add args [ '.', null ]
6 verbose cache add spec .
7 silly cache add parsed spec Result {
7 silly cache add   raw: '.',
7 silly cache add   scope: null,
7 silly cache add   escapedName: null,
7 silly cache add   name: null,
7 silly cache add   rawSpec: '.',
7 silly cache add   spec: 'D:\\workspace\\newsapp',
7 silly cache add   type: 'directory' }
8 verbose addLocalDirectory C:\Users\Administrator\AppData\Roaming\npm-cache\newsapp\1.0.6\package.tgz not in flight; packing
9 verbose correctMkdir C:\Users\Administrator\AppData\Roaming\npm-cache correctMkdir not in flight; initializing
10 info lifecycle newsapp@1.0.6~prepublish: newsapp@1.0.6
11 verbose lifecycle newsapp@1.0.6~prepublish: unsafe-perm in lifecycle true
12 verbose lifecycle newsapp@1.0.6~prepublish: PATH: C:\Program Files\nodejs\node_modules\npm\bin\node-gyp-bin;D:\workspace\newsapp\node_modules\.bin;C:\Program Files\nodejs;D:\Program Files (x86)\ConEmuPack.151210;D:\Program Files (x86)\ConEmuPack.151210\ConEmu;C:\Ruby21-x64\bin;C:\Program Files (x86)\Intel\TXE Components\TCS\;C:\Program Files\Intel\TXE Components\TCS\;C:\windows\system32;C:\windows;C:\windows\System32\Wbem;C:\windows\System32\WindowsPowerShell\v1.0\;C:\Program Files\Git\cmd;C:\Program Files\Git\mingw64\bin;C:\Program Files\Git\usr\bin;C:\Program Files\nodejs\;C:\Users\Administrator\AppData\Roaming\npm
13 verbose lifecycle newsapp@1.0.6~prepublish: CWD: D:\workspace\newsapp
14 silly lifecycle newsapp@1.0.6~prepublish: Args: [ '/d /s /c', 'npm run build' ]
15 silly lifecycle newsapp@1.0.6~prepublish: Returned: code: 0  signal: null
16 verbose tar pack [ 'C:\\Users\\Administrator\\AppData\\Roaming\\npm-cache\\newsapp\\1.0.6\\package.tgz',
16 verbose tar pack   'D:\\workspace\\newsapp' ]
17 verbose tarball C:\Users\Administrator\AppData\Roaming\npm-cache\newsapp\1.0.6\package.tgz
18 verbose folder D:\workspace\newsapp
19 verbose addLocalTarball adding from inside cache C:\Users\Administrator\AppData\Roaming\npm-cache\newsapp\1.0.6\package.tgz
20 verbose correctMkdir C:\Users\Administrator\AppData\Roaming\npm-cache correctMkdir not in flight; initializing
21 silly cache afterAdd newsapp@1.0.6
22 verbose afterAdd C:\Users\Administrator\AppData\Roaming\npm-cache\newsapp\1.0.6\package\package.json not in flight; writing
23 verbose correctMkdir C:\Users\Administrator\AppData\Roaming\npm-cache correctMkdir not in flight; initializing
24 verbose afterAdd C:\Users\Administrator\AppData\Roaming\npm-cache\newsapp\1.0.6\package\package.json written
25 silly publish { name: 'newsapp',
25 silly publish   version: '1.0.6',
25 silly publish   description: 'Protocals for netease newsapp',
25 silly publish   main: 'dist/newsapp.js',
25 silly publish   'jsnext:main': 'dist/newsapp.mjs',
25 silly publish   scripts:
25 silly publish    { build: 'rollup -c',
25 silly publish      watch: 'rollup -c -w',
25 silly publish      pretest: 'npm run build',
25 silly publish      test: 'mocha',
25 silly publish      prepublish: 'npm run build' },
25 silly publish   repository:
25 silly publish    { type: 'git',
25 silly publish      url: 'git+https://github.com/NetEaseMobileFE/newsapp.git' },
25 silly publish   keywords: [ 'es6', 'modules', 'rollup', 'bundle', 'browser' ],
25 silly publish   author: { name: 'dYb' },
25 silly publish   license: 'MIT',
25 silly publish   bugs: { url: 'https://github.com/NetEaseMobileFE/newsapp/issues' },
25 silly publish   files: [ 'lib', 'dist' ],
25 silly publish   homepage: 'https://github.com/NetEaseMobileFE/newsapp#readme',
25 silly publish   dependencies: {},
25 silly publish   devDependencies:
25 silly publish    { 'babel-eslint': '^6.0.4',
25 silly publish      'babel-preset-es2015': '^6.9.0',
25 silly publish      'babel-preset-es2015-rollup': '^1.1.1',
25 silly publish      'babel-register': '^6.9.0',
25 silly publish      'babelrc-rollup': '^1.1.0',
25 silly publish      eslint: '^2.11.1',
25 silly publish      mocha: '^2.5.3',
25 silly publish      rollup: '^0.30.0',
25 silly publish      'rollup-plugin-babel': '^2.5.1' },
25 silly publish   readme: '# newsapp\r\n\r\nInterfaces for netease newsapp\r\n> Start from [rollup-starter-project](https://github.com/rollup/rollup-starter-project)\r\n\r\n## Usage\r\n\r\n```\r\nnpm i --save newsapp\r\n\r\nimport NEWSAPPAPI from \'newsapp\'\r\n// or\r\nimport login from \'newsapp/lib/login\'\r\n\r\n// or\r\n<scritp src="http://img6.cache.netease.com/utf8/3g/libs/newsapp.{{version}}.js"></scritp>\r\n```\r\n## APIs\r\n\r\n```\r\n// login\r\nNEWSAPPAPI.login([showLogin,] callback)\r\n\r\n// share\r\n{\r\n  wbText: \'微博文案\',\r\n  wbPhoto: \'微博图片\',\r\n  wxText: \'微信文案\',\r\n  wxTitle: \'微信标题\',\r\n  wxUrl: \'微信地址\',\r\n  wxPhoto: \'微信图片\'\r\n}\r\nNEWSAPPAPI.share.setData(shareData)\r\nNEWSAPPAPI.share.invoke([shareData,] callback)\r\n\r\n// device\r\nNEWSAPPAPI.getDeviceInfo(callback)\r\n\r\n// trashId\r\nNEWSAPPAPI.getTrashId(callback)\r\n\r\n// location\r\nNEWSAPPAPI.location.get(callback)\r\nNEWSAPPAPI.location.change(callback)\r\n\r\n// encrypt\r\nNEWSAPPAPI.encrypt(callback)\r\n\r\n// open\r\nNEWSAPPAPI.open(param)\r\n\r\n// copy\r\nNEWSAPPAPI.open(callback)\r\n\r\n// upload\r\nNEWSAPPAPI.upload([options,] callback)\r\noptions : {\r\n  width,\r\n  height,\r\n  loadingStart, // for ios\r\n  loadingEnd, // for ios\r\n  type: \'album\' or \'camera\' // for android\r\n}\r\n\r\n```\r\n\r\n## Changelogs\r\n',
25 silly publish   readmeFilename: 'README.md',
25 silly publish   gitHead: 'ce7d861a7860e9843c961765aea3d4b6de353724',
25 silly publish   _id: 'newsapp@1.0.6',
25 silly publish   _shasum: 'cadd5f0758d1e3ca4109782a75bc124a2f0d60cd',
25 silly publish   _from: '.' }
26 verbose getPublishConfig undefined
27 silly mapToRegistry name newsapp
28 silly mapToRegistry using default registry
29 silly mapToRegistry registry https://registry.npm.taobao.org/
30 silly mapToRegistry data Result {
30 silly mapToRegistry   raw: 'newsapp',
30 silly mapToRegistry   scope: null,
30 silly mapToRegistry   escapedName: 'newsapp',
30 silly mapToRegistry   name: 'newsapp',
30 silly mapToRegistry   rawSpec: '',
30 silly mapToRegistry   spec: 'latest',
30 silly mapToRegistry   type: 'tag' }
31 silly mapToRegistry uri https://registry.npm.taobao.org/newsapp
32 verbose publish registryBase https://registry.npm.taobao.org/
33 silly publish uploading C:\Users\Administrator\AppData\Roaming\npm-cache\newsapp\1.0.6\package.tgz
34 verbose stack Error: auth required for publishing
34 verbose stack     at CachingRegistryClient.publish (C:\Program Files\nodejs\node_modules\npm\node_modules\npm-registry-client\lib\publish.js:30:14)
34 verbose stack     at C:\Program Files\nodejs\node_modules\npm\lib\publish.js:138:14
34 verbose stack     at mapToRegistry (C:\Program Files\nodejs\node_modules\npm\lib\utils\map-to-registry.js:62:3)
34 verbose stack     at publish_ (C:\Program Files\nodejs\node_modules\npm\lib\publish.js:107:3)
34 verbose stack     at Array.<anonymous> (C:\Program Files\nodejs\node_modules\npm\node_modules\slide\lib\bind-actor.js:15:8)
34 verbose stack     at LOOP (C:\Program Files\nodejs\node_modules\npm\node_modules\slide\lib\chain.js:15:14)
34 verbose stack     at LOOP (C:\Program Files\nodejs\node_modules\npm\node_modules\slide\lib\chain.js:14:28)
34 verbose stack     at chain (C:\Program Files\nodejs\node_modules\npm\node_modules\slide\lib\chain.js:20:5)
34 verbose stack     at C:\Program Files\nodejs\node_modules\npm\lib\publish.js:73:5
34 verbose stack     at RES (C:\Program Files\nodejs\node_modules\npm\node_modules\inflight\inflight.js:23:14)
35 verbose cwd D:\workspace\newsapp
36 error Windows_NT 6.1.7601
37 error argv "C:\\Program Files\\nodejs\\node.exe" "C:\\Program Files\\nodejs\\node_modules\\npm\\bin\\npm-cli.js" "publish"
38 error node v6.3.0
39 error npm  v3.10.3
40 error code ENEEDAUTH
41 error need auth auth required for publishing
42 error need auth You need to authorize this machine using `npm adduser`
43 verbose exit [ 1, true ]
